app/build/outputs/logs/manifest-merger-debug-report.txt
-- Merging decision tree log ---
manifest
ADDED from src/main/AndroidManifest.xml:2:1-134:12
	xmlns:android
		ADDED from src/main/AndroidManifest.xml:2:11-69
	package
		ADDED from src/main/AndroidManifest.xml:3:5-47
		INJECTED from src/main/AndroidManifest.xml
		INJECTED from src/main/AndroidManifest.xml
	android:versionName
		INJECTED from src/main/AndroidManifest.xml
		INJECTED from src/main/AndroidManifest.xml
	android:versionCode
		INJECTED from src/main/AndroidManifest.xml
		INJECTED from src/main/AndroidManifest.xml
uses-permission#android.permission.INTERNET
ADDED from src/main/AndroidManifest.xml:5:5-67
	android:name
		ADDED from src/main/AndroidManifest.xml:5:22-64
uses-permission#android.permission.ACCESS_NETWORK_STATE
ADDED from src/main/AndroidManifest.xml:6:5-79
	android:name
		ADDED from src/main/AndroidManifest.xml:6:22-76
uses-permission#android.permission.write_external_storage
ADDED from src/main/AndroidManifest.xml:7:5-80
	android:name
		ADDED from src/main/AndroidManifest.xml:7:22-78
uses-permission#android.permission.READ_EXTERNAL_STORAGE
ADDED from src/main/AndroidManifest.xml:8:5-79
	android:name
		ADDED from src/main/AndroidManifest.xml:8:22-77
application
ADDED from src/main/AndroidManifest.xml:9:5-132:19
MERGED from [com.android.support:appcompat-v7:23.1.1] AndroidManifest.xml:22:5-20
MERGED from [com.android.support:support-v4:23.1.1] AndroidManifest.xml:22:5-20
	android:label
		ADDED from src/main/AndroidManifest.xml:12:9-41
	android:allowBackup
		ADDED from src/main/AndroidManifest.xml:10:9-35
	android:icon
		ADDED from src/main/AndroidManifest.xml:11:9-43
	android:theme
		ADDED from src/main/AndroidManifest.xml:13:9-40
activity#com.homeliv.piyush.homeliv_admin.MainActivity
ADDED from src/main/AndroidManifest.xml:14:9-22:20
	android:label
		ADDED from src/main/AndroidManifest.xml:16:13-45
	android:name
		ADDED from src/main/AndroidManifest.xml:15:13-41
intent-filter#android.intent.action.MAIN+android.intent.category.LAUNCHER
ADDED from src/main/AndroidManifest.xml:17:13-21:29
action#android.intent.action.MAIN
ADDED from src/main/AndroidManifest.xml:18:17-69
	android:name
		ADDED from src/main/AndroidManifest.xml:18:25-66
category#android.intent.category.LAUNCHER
ADDED from src/main/AndroidManifest.xml:20:17-77
	android:name
		ADDED from src/main/AndroidManifest.xml:20:27-74
activity#com.homeliv.piyush.homeliv_admin.SignUp
ADDED from src/main/AndroidManifest.xml:23:9-31:20
	android:label
		ADDED from src/main/AndroidManifest.xml:25:13-46
	android:name
		ADDED from src/main/AndroidManifest.xml:24:13-35
intent-filter#android.intent.action.DEFAULT+android.intent.category.DEFAULT
ADDED from src/main/AndroidManifest.xml:26:13-30:29
action#android.intent.action.DEFAULT
ADDED from src/main/AndroidManifest.xml:27:17-72
	android:name
		ADDED from src/main/AndroidManifest.xml:27:25-69
category#android.intent.category.DEFAULT
ADDED from src/main/AndroidManifest.xml:29:17-76
	android:name
		ADDED from src/main/AndroidManifest.xml:29:27-73
activity#com.homeliv.piyush.homeliv_admin.Login
ADDED from src/main/AndroidManifest.xml:32:9-40:20
	android:label
		ADDED from src/main/AndroidManifest.xml:34:13-46
	android:name
		ADDED from src/main/AndroidManifest.xml:33:13-34
activity#com.homeliv.piyush.homeliv_admin.MainPage
ADDED from src/main/AndroidManifest.xml:41:9-49:20
	android:label
		ADDED from src/main/AndroidManifest.xml:43:13-45
	android:name
		ADDED from src/main/AndroidManifest.xml:42:13-37
activity#com.homeliv.piyush.homeliv_admin.Project_test
ADDED from src/main/AndroidManifest.xml:50:9-58:20
	android:label
		ADDED from src/main/AndroidManifest.xml:52:13-45
	android:name
		ADDED from src/main/AndroidManifest.xml:51:13-41
activity#com.homeliv.piyush.homeliv_admin.drawings
ADDED from src/main/AndroidManifest.xml:59:9-67:20
	android:label
		ADDED from src/main/AndroidManifest.xml:61:13-45
	android:name
		ADDED from src/main/AndroidManifest.xml:60:13-37
activity#com.homeliv.piyush.homeliv_admin.drawing_create
ADDED from src/main/AndroidManifest.xml:68:9-76:20
	android:label
		ADDED from src/main/AndroidManifest.xml:70:13-45
	android:name
		ADDED from src/main/AndroidManifest.xml:69:13-43
activity#com.homeliv.piyush.homeliv_admin.scopeofwork
ADDED from src/main/AndroidManifest.xml:77:9-85:20
	android:label
		ADDED from src/main/AndroidManifest.xml:79:13-45
	android:name
		ADDED from src/main/AndroidManifest.xml:78:13-40
activity#com.homeliv.piyush.homeliv_admin.boq
ADDED from src/main/AndroidManifest.xml:86:9-94:20
	android:label
		ADDED from src/main/AndroidManifest.xml:88:13-45
	android:name
		ADDED from src/main/AndroidManifest.xml:87:13-32
activity#com.homeliv.piyush.homeliv_admin.boq_create
ADDED from src/main/AndroidManifest.xml:95:9-103:20
	android:label
		ADDED from src/main/AndroidManifest.xml:97:13-45
	android:name
		ADDED from src/main/AndroidManifest.xml:96:13-39
activity#com.homeliv.piyush.homeliv_admin.progress
ADDED from src/main/AndroidManifest.xml:104:9-112:20
	android:label
		ADDED from src/main/AndroidManifest.xml:106:13-45
	android:name
		ADDED from src/main/AndroidManifest.xml:105:13-37
activity#com.homeliv.piyush.homeliv_admin.Progress_create
ADDED from src/main/AndroidManifest.xml:113:9-121:20
	android:label
		ADDED from src/main/AndroidManifest.xml:115:13-45
	android:name
		ADDED from src/main/AndroidManifest.xml:114:13-44
activity#com.homeliv.piyush.homeliv_admin.Boq_histroy
ADDED from src/main/AndroidManifest.xml:122:9-130:20
	android:label
		ADDED from src/main/AndroidManifest.xml:124:13-45
	android:name
		ADDED from src/main/AndroidManifest.xml:123:13-40
uses-sdk
INJECTED from src/main/AndroidManifest.xml reason: use-sdk injection requested
MERGED from [com.android.support:appcompat-v7:23.1.1] AndroidManifest.xml:20:5-43
MERGED from [com.android.support:support-v4:23.1.1] AndroidManifest.xml:20:5-43
	android:targetSdkVersion
		INJECTED from src/main/AndroidManifest.xml
		INJECTED from src/main/AndroidManifest.xml
	android:minSdkVersion
		INJECTED from src/main/AndroidManifest.xml
		INJECTED from src/main/AndroidManifest.xml